<?xml version="1.0" encoding="UTF-8"?>
<testsuite xmlns:xsi="http://www.w3.org/2001/XMLSchema-instance" xsi:noNamespaceSchemaLocation="https://maven.apache.org/surefire/maven-surefire-plugin/xsd/surefire-test-report.xsd" name="com.example.boot.BootApplicationTests" time="9.974" tests="2" errors="0" skipped="0" failures="0">
  <properties>
[...]
</properties>
  <testcase name="loginTest" classname="com.example.boot.BootApplicationTests" time="4.728"/>
  <testcase name="getSightOfTop5" classname="com.example.boot.BootApplicationTests" time="0.197"/>
</testsuite>